============================= test session starts ==============================
platform darwin -- Python 3.9.6, pytest-8.4.2, pluggy-1.6.0 -- /Users/nitikasri/ConsumerLiterarcyTrack/backend/venv/bin/python3
cachedir: .pytest_cache
rootdir: /Users/nitikasri/ConsumerLiterarcyTrack/backend
plugins: anyio-4.12.1
collecting ... collected 8 items

tests/test_transactions.py::test_create_transaction_with_roundup PASSED  [ 12%]
tests/test_transactions.py::test_create_transaction_no_roundup_needed PASSED [ 25%]
tests/test_transactions.py::test_get_transactions_pagination_and_filtering PASSED [ 37%]
tests/test_transactions.py::test_get_transaction_by_id PASSED            [ 50%]
tests/test_transactions.py::test_get_transaction_404_not_owned PASSED    [ 62%]
tests/test_transactions.py::test_update_transaction_success PASSED       [ 75%]
tests/test_transactions.py::test_update_transaction_amount_conflict PASSED [ 87%]
tests/test_transactions.py::test_delete_transaction_soft_delete_and_reverse_roundup PASSED [100%]

=============================== warnings summary ===============================
app/schemas/schemas.py:22
  /Users/nitikasri/ConsumerLiterarcyTrack/backend/app/schemas/schemas.py:22: PydanticDeprecatedSince20: Support for class-based `config` is deprecated, use ConfigDict instead. Deprecated in Pydantic V2.0 to be removed in V3.0. See Pydantic V2 Migration Guide at https://errors.pydantic.dev/2.13/migration/
    class UserResponse(UserBase):

app/schemas/schemas.py:44
  /Users/nitikasri/ConsumerLiterarcyTrack/backend/app/schemas/schemas.py:44: PydanticDeprecatedSince20: Support for class-based `config` is deprecated, use ConfigDict instead. Deprecated in Pydantic V2.0 to be removed in V3.0. See Pydantic V2 Migration Guide at https://errors.pydantic.dev/2.13/migration/
    class UserSessionResponse(BaseModel):

app/schemas/schemas.py:55
  /Users/nitikasri/ConsumerLiterarcyTrack/backend/app/schemas/schemas.py:55: PydanticDeprecatedSince20: Support for class-based `config` is deprecated, use ConfigDict instead. Deprecated in Pydantic V2.0 to be removed in V3.0. See Pydantic V2 Migration Guide at https://errors.pydantic.dev/2.13/migration/
    class SecurityEventResponse(BaseModel):

app/schemas/schemas.py:86
  /Users/nitikasri/ConsumerLiterarcyTrack/backend/app/schemas/schemas.py:86: PydanticDeprecatedSince20: Support for class-based `config` is deprecated, use ConfigDict instead. Deprecated in Pydantic V2.0 to be removed in V3.0. See Pydantic V2 Migration Guide at https://errors.pydantic.dev/2.13/migration/
    class GoalResponse(GoalBase):

app/schemas/schemas.py:118
  /Users/nitikasri/ConsumerLiterarcyTrack/backend/app/schemas/schemas.py:118: PydanticDeprecatedSince20: Support for class-based `config` is deprecated, use ConfigDict instead. Deprecated in Pydantic V2.0 to be removed in V3.0. See Pydantic V2 Migration Guide at https://errors.pydantic.dev/2.13/migration/
    class SavingsResponse(SavingsBase):

app/schemas/schemas.py:137
  /Users/nitikasri/ConsumerLiterarcyTrack/backend/app/schemas/schemas.py:137: PydanticDeprecatedSince20: Support for class-based `config` is deprecated, use ConfigDict instead. Deprecated in Pydantic V2.0 to be removed in V3.0. See Pydantic V2 Migration Guide at https://errors.pydantic.dev/2.13/migration/
    class NotificationResponse(BaseModel):

app/schemas/schemas.py:155
  /Users/nitikasri/ConsumerLiterarcyTrack/backend/app/schemas/schemas.py:155: PydanticDeprecatedSince20: Support for class-based `config` is deprecated, use ConfigDict instead. Deprecated in Pydantic V2.0 to be removed in V3.0. See Pydantic V2 Migration Guide at https://errors.pydantic.dev/2.13/migration/
    class ChatHistoryResponse(BaseModel):

app/schemas/schemas.py:169
  /Users/nitikasri/ConsumerLiterarcyTrack/backend/app/schemas/schemas.py:169: PydanticDeprecatedSince20: Support for class-based `config` is deprecated, use ConfigDict instead. Deprecated in Pydantic V2.0 to be removed in V3.0. See Pydantic V2 Migration Guide at https://errors.pydantic.dev/2.13/migration/
    class FinancialHealthResponse(BaseModel):

app/schemas/schemas.py:200
  /Users/nitikasri/ConsumerLiterarcyTrack/backend/app/schemas/schemas.py:200: PydanticDeprecatedSince20: Support for class-based `config` is deprecated, use ConfigDict instead. Deprecated in Pydantic V2.0 to be removed in V3.0. See Pydantic V2 Migration Guide at https://errors.pydantic.dev/2.13/migration/
    class TransactionResponse(TransactionBase):

app/schemas/schemas.py:229
  /Users/nitikasri/ConsumerLiterarcyTrack/backend/app/schemas/schemas.py:229: PydanticDeprecatedSince20: Support for class-based `config` is deprecated, use ConfigDict instead. Deprecated in Pydantic V2.0 to be removed in V3.0. See Pydantic V2 Migration Guide at https://errors.pydantic.dev/2.13/migration/
    class BudgetResponse(BudgetBase):

app/schemas/schemas.py:245
  /Users/nitikasri/ConsumerLiterarcyTrack/backend/app/schemas/schemas.py:245: PydanticDeprecatedSince20: Support for class-based `config` is deprecated, use ConfigDict instead. Deprecated in Pydantic V2.0 to be removed in V3.0. See Pydantic V2 Migration Guide at https://errors.pydantic.dev/2.13/migration/
    class AIRecommendationResponse(BaseModel):

app/schemas/schemas.py:270
  /Users/nitikasri/ConsumerLiterarcyTrack/backend/app/schemas/schemas.py:270: PydanticDeprecatedSince20: Support for class-based `config` is deprecated, use ConfigDict instead. Deprecated in Pydantic V2.0 to be removed in V3.0. See Pydantic V2 Migration Guide at https://errors.pydantic.dev/2.13/migration/
    class AuditLogResponse(BaseModel):

app/routers/coach.py:59
  /Users/nitikasri/ConsumerLiterarcyTrack/backend/app/routers/coach.py:59: PydanticDeprecatedSince20: Support for class-based `config` is deprecated, use ConfigDict instead. Deprecated in Pydantic V2.0 to be removed in V3.0. See Pydantic V2 Migration Guide at https://errors.pydantic.dev/2.13/migration/
    class CoachChatResponse(BaseModel):

-- Docs: https://docs.pytest.org/en/stable/how-to/capture-warnings.html
======================== 8 passed, 13 warnings in 1.87s ========================
